2021-11-08 22:49:55 INFO  Main:27 - Mail sent successfully
2021-11-08 22:49:55 INFO  Main:227 - Inserted user with username user123 into database
2021-11-08 22:50:29 INFO  Main:202 - Login from user with username user123
2021-11-08 22:50:46 INFO  Main:27 - Mail sent successfully
2021-11-08 22:50:46 INFO  Main:252 - Inserted user with username user123 into database
2021-11-08 22:50:46 INFO  Main:255 - Password changed for username: user123
2021-11-08 22:51:32 INFO  Main:202 - Login from user with username user123
2021-11-08 22:51:56 INFO  Main:100 - Retrieved books with author Lewis Carroll from database
2021-11-08 22:52:02 INFO  Main:87 - Retrieved books with title Furia from database
2021-11-08 22:52:38 INFO  Main:74 - Retrieved books with isbn 9781841953922 from database
2021-11-08 22:52:46 INFO  Main:113 - Retrieved books with publisher HarperCollins from database
2021-11-08 22:52:52 INFO  Main:126 - Retrieved books with genre Fantasy from database
2021-11-08 22:53:04 WARN  Main:83 - Book with title asfsg not found
2021-11-08 22:53:13 WARN  Main:70 - Book with isbn aga not found
2021-11-08 22:54:20 INFO  Main:126 - Retrieved books with genre Humor from database
2021-11-08 22:54:22 INFO  Main:74 - Retrieved books with isbn 9781402726002 from database
2021-11-08 22:54:26 INFO  Main:287 - Added book to cart/bookmarks/orders of user with username user123
2021-11-08 22:54:31 INFO  Main:287 - Added book to cart/bookmarks/orders of user with username user123
2021-11-08 22:54:44 INFO  Main:287 - Added book to cart/bookmarks/orders of user with username user123
2021-11-08 22:56:50 INFO  Main:163 - Retrieved all users from database
2021-11-09 07:59:57 INFO  Main:87 - Retrieved books with title Furia from database
2021-11-09 08:00:10 INFO  Main:74 - Retrieved books with isbn 9781643751207 from database
2021-11-09 08:02:06 INFO  Main:163 - Retrieved all users from database
2021-11-09 08:02:35 INFO  Main:163 - Retrieved all users from database
2021-11-09 08:11:42 INFO  Main:163 - Retrieved all users from database
2021-11-09 08:13:22 INFO  Main:163 - Retrieved all users from database
2021-11-09 08:20:47 WARN  Main:214 - Failed to insert user with username jessshi8: User of that username already exists
2021-11-09 08:20:53 WARN  Main:214 - Failed to insert user with username jessshi8: User of that username already exists
2021-11-09 08:20:56 WARN  Main:214 - Failed to insert user with username jessshi8: User of that username already exists
2021-11-09 08:20:57 WARN  Main:214 - Failed to insert user with username jessshi8: User of that username already exists
2021-11-09 08:20:57 WARN  Main:214 - Failed to insert user with username jessshi8: User of that username already exists
2021-11-09 08:21:36 INFO  Main:27 - Mail sent successfully
2021-11-09 08:21:36 INFO  Main:227 - Inserted user with username jessshi8 into database
2021-11-09 08:21:59 INFO  Main:163 - Retrieved all users from database
2021-11-09 08:23:01 INFO  Main:202 - Login from user with username jessshi8
2021-11-09 08:25:16 INFO  Main:27 - Mail sent successfully
2021-11-09 08:25:16 INFO  Main:252 - Inserted user with username jessshi8 into database
2021-11-09 08:25:17 INFO  Main:255 - Password changed for username: jessshi8
2021-11-09 08:26:09 INFO  Main:126 - Retrieved books with genre Fantasy from database
2021-11-09 08:26:13 INFO  Main:74 - Retrieved books with isbn 9780747546245 from database
2021-11-09 08:26:14 INFO  Main:287 - Added book to cart/bookmarks/orders of user with username jessshi8
2021-11-09 08:26:46 INFO  Main:287 - Added book to cart/bookmarks/orders of user with username jessshi8
2021-11-09 08:26:50 INFO  Main:287 - Added book to cart/bookmarks/orders of user with username jessshi8
2021-11-09 08:26:55 INFO  Main:240 - Updated user with username jessshi8
2021-11-09 08:27:07 INFO  Main:87 - Retrieved books with title Furia from database
2021-11-09 08:27:08 INFO  Main:74 - Retrieved books with isbn 9781643751207 from database
2021-11-09 08:27:13 INFO  Main:287 - Added book to cart/bookmarks/orders of user with username jessshi8
2021-11-09 08:27:21 INFO  Main:287 - Added book to cart/bookmarks/orders of user with username jessshi8
2021-11-09 08:27:56 INFO  Main:100 - Retrieved books with author Mark Twain from database
2021-11-09 08:27:58 INFO  Main:74 - Retrieved books with isbn 9781402726002 from database
2021-11-09 08:28:02 INFO  Main:287 - Added book to cart/bookmarks/orders of user with username jessshi8
2021-11-09 08:28:34 INFO  Main:74 - Retrieved books with isbn 9780316017930 from database
2021-11-09 08:28:35 INFO  Main:74 - Retrieved books with isbn 9780316017930 from database
2021-11-09 08:28:40 INFO  Main:287 - Added book to cart/bookmarks/orders of user with username jessshi8
2021-11-09 09:32:43 INFO  Main:27 - Mail sent successfully
2021-11-09 09:32:43 INFO  Main:227 - Inserted user with username jessshi8 into database
2021-11-09 09:33:06 INFO  Main:163 - Retrieved all users from database
2021-11-09 09:33:13 INFO  Main:202 - Login from user with username jessshi8
2021-11-09 09:33:46 INFO  Main:126 - Retrieved books with genre Fantasy from database
2021-11-09 09:33:48 INFO  Main:74 - Retrieved books with isbn 9780747546245 from database
2021-11-09 09:33:51 INFO  Main:287 - Added book to cart/bookmarks/orders of user with username jessshi8
2021-11-09 09:34:06 INFO  Main:287 - Added book to cart/bookmarks/orders of user with username jessshi8
2021-11-09 09:34:08 INFO  Main:287 - Added book to cart/bookmarks/orders of user with username jessshi8
2021-11-09 09:34:13 INFO  Main:287 - Added book to cart/bookmarks/orders of user with username jessshi8
2021-11-09 09:35:07 INFO  Main:202 - Login from user with username jessshi8
2021-11-09 09:35:36 INFO  Main:27 - Mail sent successfully
2021-11-09 09:35:36 INFO  Main:252 - Inserted user with username jessshi8 into database
2021-11-09 09:35:37 INFO  Main:255 - Password changed for username: jessshi8
2021-11-09 18:23:25 INFO  Main:163 - Retrieved all users from database
2021-11-09 18:23:58 WARN  Main:214 - Failed to insert user with username user123: User of that username already exists
2021-11-09 18:23:58 INFO  Main:27 - Mail sent successfully
2021-11-09 18:23:58 INFO  Main:227 - Inserted user with username user123 into database
2021-11-09 18:24:18 INFO  Main:202 - Login from user with username user123
2021-11-09 18:24:56 INFO  Main:27 - Mail sent successfully
2021-11-09 18:24:56 INFO  Main:252 - Inserted user with username user123 into database
2021-11-09 18:24:56 INFO  Main:255 - Password changed for username: user123
2021-11-09 18:25:18 INFO  Main:126 - Retrieved books with genre Fantasy from database
2021-11-09 18:25:20 INFO  Main:74 - Retrieved books with isbn 9780747546245 from database
2021-11-09 18:25:34 INFO  Main:287 - Added book to cart/bookmarks/orders of user with username user123
2021-11-09 18:25:44 INFO  Main:287 - Added book to cart/bookmarks/orders of user with username user123
2021-11-09 18:25:54 INFO  Main:287 - Added book to cart/bookmarks/orders of user with username user123
2021-11-09 18:26:15 INFO  Main:287 - Added book to cart/bookmarks/orders of user with username user123
